This is pdfTeX, Version 3.14159265-2.6-1.40.21 (TeX Live 2020) (preloaded format=pdflatex 2020.4.7)  27 APR 2021 14:11
entering extended mode
 restricted \write18 enabled.
 %&-line parsing enabled.
**PerceivedIncomeRisk.tex
(./PerceivedIncomeRisk.tex
LaTeX2e <2020-02-02> patch level 5
L3 programming layer <2020-03-06>
(/usr/local/texlive/2020/texmf-dist/tex/latex/beamer/beamer.cls
Document Class: beamer 2019/09/29 v3.57 A class for typesetting presentations
(/usr/local/texlive/2020/texmf-dist/tex/latex/beamer/beamerbasemodes.sty
(/usr/local/texlive/2020/texmf-dist/tex/latex/etoolbox/etoolbox.sty
Package: etoolbox 2019/09/21 v2.5h e-TeX tools for LaTeX (JAW)
\etb@tempcnta=\count167
)
\beamer@tempbox=\box45
\beamer@tempcount=\count168
\c@beamerpauses=\count169

(/usr/local/texlive/2020/texmf-dist/tex/latex/beamer/beamerbasedecode.sty
\beamer@slideinframe=\count170
\beamer@minimum=\count171
\beamer@decode@box=\box46
)
\beamer@commentbox=\box47
\beamer@modecount=\count172
)
(/usr/local/texlive/2020/texmf-dist/tex/generic/iftex/ifpdf.sty
Package: ifpdf 2019/10/25 v3.4 ifpdf legacy package. Use iftex instead.

(/usr/local/texlive/2020/texmf-dist/tex/generic/iftex/iftex.sty
Package: iftex 2020/03/06 v1.0d TeX engine tests
))
\headdp=\dimen134
\footheight=\dimen135
\sidebarheight=\dimen136
\beamer@tempdim=\dimen137
\beamer@finalheight=\dimen138
\beamer@animht=\dimen139
\beamer@animdp=\dimen140
\beamer@animwd=\dimen141
\beamer@leftmargin=\dimen142
\beamer@rightmargin=\dimen143
\beamer@leftsidebar=\dimen144
\beamer@rightsidebar=\dimen145
\beamer@boxsize=\dimen146
\beamer@vboxoffset=\dimen147
\beamer@descdefault=\dimen148
\beamer@descriptionwidth=\dimen149
\beamer@lastskip=\skip47
\beamer@areabox=\box48
\beamer@animcurrent=\box49
\beamer@animshowbox=\box50
\beamer@sectionbox=\box51
\beamer@logobox=\box52
\beamer@linebox=\box53
\beamer@sectioncount=\count173
\beamer@subsubsectionmax=\count174
\beamer@subsectionmax=\count175
\beamer@sectionmax=\count176
\beamer@totalheads=\count177
\beamer@headcounter=\count178
\beamer@partstartpage=\count179
\beamer@sectionstartpage=\count180
\beamer@subsectionstartpage=\count181
\beamer@animationtempa=\count182
\beamer@animationtempb=\count183
\beamer@xpos=\count184
\beamer@ypos=\count185
\beamer@ypos@offset=\count186
\beamer@showpartnumber=\count187
\beamer@currentsubsection=\count188
\beamer@coveringdepth=\count189
\beamer@sectionadjust=\count190
\beamer@tocsectionnumber=\count191

(/usr/local/texlive/2020/texmf-dist/tex/latex/beamer/beamerbaseoptions.sty
(/usr/local/texlive/2020/texmf-dist/tex/latex/graphics/keyval.sty
Package: keyval 2014/10/28 v1.15 key=value parser (DPC)
\KV@toks@=\toks15
))
\beamer@paperwidth=\skip48
\beamer@paperheight=\skip49

(/usr/local/texlive/2020/texmf-dist/tex/latex/geometry/geometry.sty
Package: geometry 2020/01/02 v5.9 Page Geometry

(/usr/local/texlive/2020/texmf-dist/tex/generic/iftex/ifvtex.sty
Package: ifvtex 2019/10/25 v1.7 ifvtex legacy package. Use iftex instead.
)
\Gm@cnth=\count192
\Gm@cntv=\count193
\c@Gm@tempcnt=\count194
\Gm@bindingoffset=\dimen150
\Gm@wd@mp=\dimen151
\Gm@odd@mp=\dimen152
\Gm@even@mp=\dimen153
\Gm@layoutwidth=\dimen154
\Gm@layoutheight=\dimen155
\Gm@layouthoffset=\dimen156
\Gm@layoutvoffset=\dimen157
\Gm@dimlist=\toks16
)
(/usr/local/texlive/2020/texmf-dist/tex/latex/base/size11.clo
File: size11.clo 2019/12/20 v1.4l Standard LaTeX file (size option)
)
(/usr/local/texlive/2020/texmf-dist/tex/latex/pgf/basiclayer/pgfcore.sty
(/usr/local/texlive/2020/texmf-dist/tex/latex/graphics/graphicx.sty
Package: graphicx 2019/11/30 v1.2a Enhanced LaTeX Graphics (DPC,SPQR)

(/usr/local/texlive/2020/texmf-dist/tex/latex/graphics/graphics.sty
Package: graphics 2019/11/30 v1.4a Standard LaTeX Graphics (DPC,SPQR)

(/usr/local/texlive/2020/texmf-dist/tex/latex/graphics/trig.sty
Package: trig 2016/01/03 v1.10 sin cos tan (DPC)
)
(/usr/local/texlive/2020/texmf-dist/tex/latex/graphics-cfg/graphics.cfg
File: graphics.cfg 2016/06/04 v1.11 sample graphics configuration
)
Package graphics Info: Driver file: pdftex.def on input line 105.

(/usr/local/texlive/2020/texmf-dist/tex/latex/graphics-def/pdftex.def
File: pdftex.def 2018/01/08 v1.0l Graphics/color driver for pdftex
))
\Gin@req@height=\dimen158
\Gin@req@width=\dimen159
)
(/usr/local/texlive/2020/texmf-dist/tex/latex/pgf/systemlayer/pgfsys.sty
(/usr/local/texlive/2020/texmf-dist/tex/latex/pgf/utilities/pgfrcs.sty
(/usr/local/texlive/2020/texmf-dist/tex/generic/pgf/utilities/pgfutil-common.te
x
\pgfutil@everybye=\toks17
\pgfutil@tempdima=\dimen160
\pgfutil@tempdimb=\dimen161

(/usr/local/texlive/2020/texmf-dist/tex/generic/pgf/utilities/pgfutil-common-li
sts.tex))
(/usr/local/texlive/2020/texmf-dist/tex/generic/pgf/utilities/pgfutil-latex.def
\pgfutil@abb=\box54
(/usr/local/texlive/2020/texmf-dist/tex/latex/ms/everyshi.sty
Package: everyshi 2001/05/15 v3.00 EveryShipout Package (MS)
))
(/usr/local/texlive/2020/texmf-dist/tex/generic/pgf/utilities/pgfrcs.code.tex
(/usr/local/texlive/2020/texmf-dist/tex/generic/pgf/pgf.revision.tex)
Package: pgfrcs 2020/01/08 v3.1.5b (3.1.5b)
))
(/usr/local/texlive/2020/texmf-dist/tex/generic/pgf/systemlayer/pgfsys.code.tex
Package: pgfsys 2020/01/08 v3.1.5b (3.1.5b)
(/usr/local/texlive/2020/texmf-dist/tex/generic/pgf/utilities/pgfkeys.code.tex
\pgfkeys@pathtoks=\toks18
\pgfkeys@temptoks=\toks19

(/usr/local/texlive/2020/texmf-dist/tex/generic/pgf/utilities/pgfkeysfiltered.c
ode.tex
\pgfkeys@tmptoks=\toks20
))
\pgf@x=\dimen162
\pgf@y=\dimen163
\pgf@xa=\dimen164
\pgf@ya=\dimen165
\pgf@xb=\dimen166
\pgf@yb=\dimen167
\pgf@xc=\dimen168
\pgf@yc=\dimen169
\pgf@xd=\dimen170
\pgf@yd=\dimen171
\w@pgf@writea=\write3
\r@pgf@reada=\read2
\c@pgf@counta=\count195
\c@pgf@countb=\count196
\c@pgf@countc=\count197
\c@pgf@countd=\count198
\t@pgf@toka=\toks21
\t@pgf@tokb=\toks22
\t@pgf@tokc=\toks23
\pgf@sys@id@count=\count199

(/usr/local/texlive/2020/texmf-dist/tex/generic/pgf/systemlayer/pgf.cfg
File: pgf.cfg 2020/01/08 v3.1.5b (3.1.5b)
)
Driver file for pgf: pgfsys-pdftex.def

(/usr/local/texlive/2020/texmf-dist/tex/generic/pgf/systemlayer/pgfsys-pdftex.d
ef
File: pgfsys-pdftex.def 2020/01/08 v3.1.5b (3.1.5b)

(/usr/local/texlive/2020/texmf-dist/tex/generic/pgf/systemlayer/pgfsys-common-p
df.def
File: pgfsys-common-pdf.def 2020/01/08 v3.1.5b (3.1.5b)
)))
(/usr/local/texlive/2020/texmf-dist/tex/generic/pgf/systemlayer/pgfsyssoftpath.
code.tex
File: pgfsyssoftpath.code.tex 2020/01/08 v3.1.5b (3.1.5b)
\pgfsyssoftpath@smallbuffer@items=\count266
\pgfsyssoftpath@bigbuffer@items=\count267
)
(/usr/local/texlive/2020/texmf-dist/tex/generic/pgf/systemlayer/pgfsysprotocol.
code.tex
File: pgfsysprotocol.code.tex 2020/01/08 v3.1.5b (3.1.5b)
)) (/usr/local/texlive/2020/texmf-dist/tex/latex/xcolor/xcolor.sty
Package: xcolor 2016/05/11 v2.12 LaTeX color extensions (UK)

(/usr/local/texlive/2020/texmf-dist/tex/latex/graphics-cfg/color.cfg
File: color.cfg 2016/01/02 v1.6 sample color configuration
)
Package xcolor Info: Driver file: pdftex.def on input line 225.
Package xcolor Info: Model `cmy' substituted by `cmy0' on input line 1348.
Package xcolor Info: Model `hsb' substituted by `rgb' on input line 1352.
Package xcolor Info: Model `RGB' extended on input line 1364.
Package xcolor Info: Model `HTML' substituted by `rgb' on input line 1366.
Package xcolor Info: Model `Hsb' substituted by `hsb' on input line 1367.
Package xcolor Info: Model `tHsb' substituted by `hsb' on input line 1368.
Package xcolor Info: Model `HSB' substituted by `hsb' on input line 1369.
Package xcolor Info: Model `Gray' substituted by `gray' on input line 1370.
Package xcolor Info: Model `wave' substituted by `hsb' on input line 1371.
)
(/usr/local/texlive/2020/texmf-dist/tex/generic/pgf/basiclayer/pgfcore.code.tex
Package: pgfcore 2020/01/08 v3.1.5b (3.1.5b)
(/usr/local/texlive/2020/texmf-dist/tex/generic/pgf/math/pgfmath.code.tex
(/usr/local/texlive/2020/texmf-dist/tex/generic/pgf/math/pgfmathcalc.code.tex
(/usr/local/texlive/2020/texmf-dist/tex/generic/pgf/math/pgfmathutil.code.tex)
(/usr/local/texlive/2020/texmf-dist/tex/generic/pgf/math/pgfmathparser.code.tex
\pgfmath@dimen=\dimen172
\pgfmath@count=\count268
\pgfmath@box=\box55
\pgfmath@toks=\toks24
\pgfmath@stack@operand=\toks25
\pgfmath@stack@operation=\toks26
)
(/usr/local/texlive/2020/texmf-dist/tex/generic/pgf/math/pgfmathfunctions.code.
tex
(/usr/local/texlive/2020/texmf-dist/tex/generic/pgf/math/pgfmathfunctions.basic
.code.tex)
(/usr/local/texlive/2020/texmf-dist/tex/generic/pgf/math/pgfmathfunctions.trigo
nometric.code.tex)
(/usr/local/texlive/2020/texmf-dist/tex/generic/pgf/math/pgfmathfunctions.rando
m.code.tex)
(/usr/local/texlive/2020/texmf-dist/tex/generic/pgf/math/pgfmathfunctions.compa
rison.code.tex)
(/usr/local/texlive/2020/texmf-dist/tex/generic/pgf/math/pgfmathfunctions.base.
code.tex)
(/usr/local/texlive/2020/texmf-dist/tex/generic/pgf/math/pgfmathfunctions.round
.code.tex)
(/usr/local/texlive/2020/texmf-dist/tex/generic/pgf/math/pgfmathfunctions.misc.
code.tex)
(/usr/local/texlive/2020/texmf-dist/tex/generic/pgf/math/pgfmathfunctions.integ
erarithmetics.code.tex)))
(/usr/local/texlive/2020/texmf-dist/tex/generic/pgf/math/pgfmathfloat.code.tex
\c@pgfmathroundto@lastzeros=\count269
)) (/usr/local/texlive/2020/texmf-dist/tex/generic/pgf/math/pgfint.code.tex)
(/usr/local/texlive/2020/texmf-dist/tex/generic/pgf/basiclayer/pgfcorepoints.co
de.tex
File: pgfcorepoints.code.tex 2020/01/08 v3.1.5b (3.1.5b)
\pgf@picminx=\dimen173
\pgf@picmaxx=\dimen174
\pgf@picminy=\dimen175
\pgf@picmaxy=\dimen176
\pgf@pathminx=\dimen177
\pgf@pathmaxx=\dimen178
\pgf@pathminy=\dimen179
\pgf@pathmaxy=\dimen180
\pgf@xx=\dimen181
\pgf@xy=\dimen182
\pgf@yx=\dimen183
\pgf@yy=\dimen184
\pgf@zx=\dimen185
\pgf@zy=\dimen186
)
(/usr/local/texlive/2020/texmf-dist/tex/generic/pgf/basiclayer/pgfcorepathconst
ruct.code.tex
File: pgfcorepathconstruct.code.tex 2020/01/08 v3.1.5b (3.1.5b)
\pgf@path@lastx=\dimen187
\pgf@path@lasty=\dimen188
)
(/usr/local/texlive/2020/texmf-dist/tex/generic/pgf/basiclayer/pgfcorepathusage
.code.tex
File: pgfcorepathusage.code.tex 2020/01/08 v3.1.5b (3.1.5b)
\pgf@shorten@end@additional=\dimen189
\pgf@shorten@start@additional=\dimen190
)
(/usr/local/texlive/2020/texmf-dist/tex/generic/pgf/basiclayer/pgfcorescopes.co
de.tex
File: pgfcorescopes.code.tex 2020/01/08 v3.1.5b (3.1.5b)
\pgfpic=\box56
\pgf@hbox=\box57
\pgf@layerbox@main=\box58
\pgf@picture@serial@count=\count270
)
(/usr/local/texlive/2020/texmf-dist/tex/generic/pgf/basiclayer/pgfcoregraphicst
ate.code.tex
File: pgfcoregraphicstate.code.tex 2020/01/08 v3.1.5b (3.1.5b)
\pgflinewidth=\dimen191
)
(/usr/local/texlive/2020/texmf-dist/tex/generic/pgf/basiclayer/pgfcoretransform
ations.code.tex
File: pgfcoretransformations.code.tex 2020/01/08 v3.1.5b (3.1.5b)
\pgf@pt@x=\dimen192
\pgf@pt@y=\dimen193
\pgf@pt@temp=\dimen194
)
(/usr/local/texlive/2020/texmf-dist/tex/generic/pgf/basiclayer/pgfcorequick.cod
e.tex
File: pgfcorequick.code.tex 2020/01/08 v3.1.5b (3.1.5b)
)
(/usr/local/texlive/2020/texmf-dist/tex/generic/pgf/basiclayer/pgfcoreobjects.c
ode.tex
File: pgfcoreobjects.code.tex 2020/01/08 v3.1.5b (3.1.5b)
)
(/usr/local/texlive/2020/texmf-dist/tex/generic/pgf/basiclayer/pgfcorepathproce
ssing.code.tex
File: pgfcorepathprocessing.code.tex 2020/01/08 v3.1.5b (3.1.5b)
)
(/usr/local/texlive/2020/texmf-dist/tex/generic/pgf/basiclayer/pgfcorearrows.co
de.tex
File: pgfcorearrows.code.tex 2020/01/08 v3.1.5b (3.1.5b)
\pgfarrowsep=\dimen195
)
(/usr/local/texlive/2020/texmf-dist/tex/generic/pgf/basiclayer/pgfcoreshade.cod
e.tex
File: pgfcoreshade.code.tex 2020/01/08 v3.1.5b (3.1.5b)
\pgf@max=\dimen196
\pgf@sys@shading@range@num=\count271
\pgf@shadingcount=\count272
)
(/usr/local/texlive/2020/texmf-dist/tex/generic/pgf/basiclayer/pgfcoreimage.cod
e.tex
File: pgfcoreimage.code.tex 2020/01/08 v3.1.5b (3.1.5b)

(/usr/local/texlive/2020/texmf-dist/tex/generic/pgf/basiclayer/pgfcoreexternal.
code.tex
File: pgfcoreexternal.code.tex 2020/01/08 v3.1.5b (3.1.5b)
\pgfexternal@startupbox=\box59
))
(/usr/local/texlive/2020/texmf-dist/tex/generic/pgf/basiclayer/pgfcorelayers.co
de.tex
File: pgfcorelayers.code.tex 2020/01/08 v3.1.5b (3.1.5b)
)
(/usr/local/texlive/2020/texmf-dist/tex/generic/pgf/basiclayer/pgfcoretranspare
ncy.code.tex
File: pgfcoretransparency.code.tex 2020/01/08 v3.1.5b (3.1.5b)
)
(/usr/local/texlive/2020/texmf-dist/tex/generic/pgf/basiclayer/pgfcorepatterns.
code.tex
File: pgfcorepatterns.code.tex 2020/01/08 v3.1.5b (3.1.5b)
)
(/usr/local/texlive/2020/texmf-dist/tex/generic/pgf/basiclayer/pgfcorerdf.code.
tex
File: pgfcorerdf.code.tex 2020/01/08 v3.1.5b (3.1.5b)
))) (/usr/local/texlive/2020/texmf-dist/tex/latex/pgf/utilities/xxcolor.sty
Package: xxcolor 2003/10/24 ver 0.1
\XC@nummixins=\count273
\XC@countmixins=\count274
) (/usr/local/texlive/2020/texmf-dist/tex/generic/atbegshi/atbegshi.sty
Package: atbegshi 2019/12/05 v1.19 At begin shipout hook (HO)

(/usr/local/texlive/2020/texmf-dist/tex/generic/infwarerr/infwarerr.sty
Package: infwarerr 2019/12/03 v1.5 Providing info/warning/error messages (HO)
)
(/usr/local/texlive/2020/texmf-dist/tex/generic/ltxcmds/ltxcmds.sty
Package: ltxcmds 2019/12/15 v1.24 LaTeX kernel commands for general use (HO)
))
(/usr/local/texlive/2020/texmf-dist/tex/latex/hyperref/hyperref.sty
Package: hyperref 2020/01/14 v7.00d Hypertext links for LaTeX

(/usr/local/texlive/2020/texmf-dist/tex/latex/pdftexcmds/pdftexcmds.sty
Package: pdftexcmds 2019/11/24 v0.31 Utility functions of pdfTeX for LuaTeX (HO
)
Package pdftexcmds Info: \pdf@primitive is available.
Package pdftexcmds Info: \pdf@ifprimitive is available.
Package pdftexcmds Info: \pdfdraftmode found.
)
(/usr/local/texlive/2020/texmf-dist/tex/generic/kvsetkeys/kvsetkeys.sty
Package: kvsetkeys 2019/12/15 v1.18 Key value parser (HO)
)
(/usr/local/texlive/2020/texmf-dist/tex/generic/kvdefinekeys/kvdefinekeys.sty
Package: kvdefinekeys 2019-12-19 v1.6 Define keys (HO)
)
(/usr/local/texlive/2020/texmf-dist/tex/generic/pdfescape/pdfescape.sty
Package: pdfescape 2019/12/09 v1.15 Implements pdfTeX's escape features (HO)
)
(/usr/local/texlive/2020/texmf-dist/tex/latex/hycolor/hycolor.sty
Package: hycolor 2020-01-27 v1.10 Color options for hyperref/bookmark (HO)
)
(/usr/local/texlive/2020/texmf-dist/tex/latex/letltxmacro/letltxmacro.sty
Package: letltxmacro 2019/12/03 v1.6 Let assignment for LaTeX macros (HO)
)
(/usr/local/texlive/2020/texmf-dist/tex/latex/auxhook/auxhook.sty
Package: auxhook 2019-12-17 v1.6 Hooks for auxiliary files (HO)
)
(/usr/local/texlive/2020/texmf-dist/tex/latex/kvoptions/kvoptions.sty
Package: kvoptions 2019/11/29 v3.13 Key value format for package options (HO)
)
\@linkdim=\dimen197
\Hy@linkcounter=\count275
\Hy@pagecounter=\count276

(/usr/local/texlive/2020/texmf-dist/tex/latex/hyperref/pd1enc.def
File: pd1enc.def 2020/01/14 v7.00d Hyperref: PDFDocEncoding definition (HO)
Now handling font encoding PD1 ...
... no UTF-8 mapping file for font encoding PD1
)
(/usr/local/texlive/2020/texmf-dist/tex/generic/intcalc/intcalc.sty
Package: intcalc 2019/12/15 v1.3 Expandable calculations with integers (HO)
)
(/usr/local/texlive/2020/texmf-dist/tex/generic/etexcmds/etexcmds.sty
Package: etexcmds 2019/12/15 v1.7 Avoid name clashes with e-TeX commands (HO)
)
\Hy@SavedSpaceFactor=\count277
Package hyperref Info: Option `bookmarks' set `true' on input line 4421.
Package hyperref Info: Option `bookmarksopen' set `true' on input line 4421.
Package hyperref Info: Option `implicit' set `false' on input line 4421.
Package hyperref Info: Hyper figures OFF on input line 4547.
Package hyperref Info: Link nesting OFF on input line 4552.
Package hyperref Info: Hyper index ON on input line 4555.
Package hyperref Info: Plain pages OFF on input line 4562.
Package hyperref Info: Backreferencing OFF on input line 4567.
Package hyperref Info: Implicit mode OFF; no redefinition of LaTeX internals.
Package hyperref Info: Bookmarks ON on input line 4800.
\c@Hy@tempcnt=\count278

(/usr/local/texlive/2020/texmf-dist/tex/latex/url/url.sty
\Urlmuskip=\muskip16
Package: url 2013/09/16  ver 3.4  Verb mode for urls, etc.
)
LaTeX Info: Redefining \url on input line 5159.
\XeTeXLinkMargin=\dimen198

(/usr/local/texlive/2020/texmf-dist/tex/generic/bitset/bitset.sty
Package: bitset 2019/12/09 v1.3 Handle bit-vector datatype (HO)

(/usr/local/texlive/2020/texmf-dist/tex/generic/bigintcalc/bigintcalc.sty
Package: bigintcalc 2019/12/15 v1.5 Expandable calculations on big integers (HO
)
))
\Fld@menulength=\count279
\Field@Width=\dimen199
\Fld@charsize=\dimen256
Package hyperref Info: Hyper figures OFF on input line 6430.
Package hyperref Info: Link nesting OFF on input line 6435.
Package hyperref Info: Hyper index ON on input line 6438.
Package hyperref Info: backreferencing OFF on input line 6445.
Package hyperref Info: Link coloring OFF on input line 6450.
Package hyperref Info: Link coloring with OCG OFF on input line 6455.
Package hyperref Info: PDF/A mode OFF on input line 6460.
LaTeX Info: Redefining \ref on input line 6500.
LaTeX Info: Redefining \pageref on input line 6504.
\Hy@abspage=\count280


Package hyperref Message: Stopped early.

)
Package hyperref Info: Driver (autodetected): hpdftex.
 (/usr/local/texlive/2020/texmf-dist/tex/latex/hyperref/hpdftex.def
File: hpdftex.def 2020/01/14 v7.00d Hyperref driver for pdfTeX

(/usr/local/texlive/2020/texmf-dist/tex/latex/atveryend/atveryend.sty
Package: atveryend 2019-12-11 v1.11 Hooks at the very end of document (HO)
)
\Fld@listcount=\count281
\c@bookmark@seq@number=\count282

(/usr/local/texlive/2020/texmf-dist/tex/latex/rerunfilecheck/rerunfilecheck.sty
Package: rerunfilecheck 2019/12/05 v1.9 Rerun checks for auxiliary files (HO)

(/usr/local/texlive/2020/texmf-dist/tex/generic/uniquecounter/uniquecounter.sty
Package: uniquecounter 2019/12/15 v1.4 Provide unlimited unique counter (HO)
)
Package uniquecounter Info: New unique counter `rerunfilecheck' on input line 2
86.
)) (/usr/local/texlive/2020/texmf-dist/tex/latex/beamer/beamerbaserequires.sty
(/usr/local/texlive/2020/texmf-dist/tex/latex/beamer/beamerbasecompatibility.st
y) (/usr/local/texlive/2020/texmf-dist/tex/latex/beamer/beamerbasefont.sty
(/usr/local/texlive/2020/texmf-dist/tex/latex/amsfonts/amssymb.sty
Package: amssymb 2013/01/14 v3.01 AMS font symbols

(/usr/local/texlive/2020/texmf-dist/tex/latex/amsfonts/amsfonts.sty
Package: amsfonts 2013/01/14 v3.01 Basic AMSFonts support
\@emptytoks=\toks27
\symAMSa=\mathgroup4
\symAMSb=\mathgroup5
LaTeX Font Info:    Redeclaring math symbol \hbar on input line 98.
LaTeX Font Info:    Overwriting math alphabet `\mathfrak' in version `bold'
(Font)                  U/euf/m/n --> U/euf/b/n on input line 106.
))
(/usr/local/texlive/2020/texmf-dist/tex/latex/sansmathaccent/sansmathaccent.sty
Package: sansmathaccent 2020/01/31
(/usr/local/texlive/2020/texmf-dist/tex/latex/koma-script/scrlfile.sty
Package: scrlfile 2020/01/24 v3.29 KOMA-Script package (loading files)
)))
(/usr/local/texlive/2020/texmf-dist/tex/latex/beamer/beamerbasetranslator.sty
(/usr/local/texlive/2020/texmf-dist/tex/latex/translator/translator.sty
Package: translator 2019-05-31 v1.12a Easy translation of strings in LaTeX
))
(/usr/local/texlive/2020/texmf-dist/tex/latex/beamer/beamerbasemisc.sty)
(/usr/local/texlive/2020/texmf-dist/tex/latex/beamer/beamerbasetwoscreens.sty)
(/usr/local/texlive/2020/texmf-dist/tex/latex/beamer/beamerbaseoverlay.sty
\beamer@argscount=\count283
\beamer@lastskipcover=\skip50
\beamer@trivlistdepth=\count284
)
(/usr/local/texlive/2020/texmf-dist/tex/latex/beamer/beamerbasetitle.sty)
(/usr/local/texlive/2020/texmf-dist/tex/latex/beamer/beamerbasesection.sty
\c@lecture=\count285
\c@part=\count286
\c@section=\count287
\c@subsection=\count288
\c@subsubsection=\count289
)
(/usr/local/texlive/2020/texmf-dist/tex/latex/beamer/beamerbaseframe.sty
\beamer@framebox=\box60
\beamer@frametitlebox=\box61
\beamer@zoombox=\box62
\beamer@zoomcount=\count290
\beamer@zoomframecount=\count291
\beamer@frametextheight=\dimen257
\c@subsectionslide=\count292
\beamer@frametopskip=\skip51
\beamer@framebottomskip=\skip52
\beamer@frametopskipautobreak=\skip53
\beamer@framebottomskipautobreak=\skip54
\beamer@envbody=\toks28
\framewidth=\dimen258
\c@framenumber=\count293
)
(/usr/local/texlive/2020/texmf-dist/tex/latex/beamer/beamerbaseverbatim.sty
\beamer@verbatimfileout=\write4
)
(/usr/local/texlive/2020/texmf-dist/tex/latex/beamer/beamerbaseframesize.sty
\beamer@splitbox=\box63
\beamer@autobreakcount=\count294
\beamer@autobreaklastheight=\dimen259
\beamer@frametitletoks=\toks29
\beamer@framesubtitletoks=\toks30
)
(/usr/local/texlive/2020/texmf-dist/tex/latex/beamer/beamerbaseframecomponents.
sty
\beamer@footins=\box64
) (/usr/local/texlive/2020/texmf-dist/tex/latex/beamer/beamerbasecolor.sty)
(/usr/local/texlive/2020/texmf-dist/tex/latex/beamer/beamerbasenotes.sty
\beamer@frameboxcopy=\box65
)
(/usr/local/texlive/2020/texmf-dist/tex/latex/beamer/beamerbasetoc.sty)
(/usr/local/texlive/2020/texmf-dist/tex/latex/beamer/beamerbasetemplates.sty
\beamer@sbttoks=\toks31

(/usr/local/texlive/2020/texmf-dist/tex/latex/beamer/beamerbaseauxtemplates.sty
(/usr/local/texlive/2020/texmf-dist/tex/latex/beamer/beamerbaseboxes.sty
\bmb@box=\box66
\bmb@colorbox=\box67
\bmb@boxshadow=\box68
\bmb@boxshadowball=\box69
\bmb@boxshadowballlarge=\box70
\bmb@temp=\dimen260
\bmb@dima=\dimen261
\bmb@dimb=\dimen262
\bmb@prevheight=\dimen263
)
\beamer@blockheadheight=\dimen264
))
(/usr/local/texlive/2020/texmf-dist/tex/latex/beamer/beamerbaselocalstructure.s
ty (/usr/local/texlive/2020/texmf-dist/tex/latex/tools/enumerate.sty
Package: enumerate 2015/07/23 v3.00 enumerate extensions (DPC)
\@enLab=\toks32
)
\c@figure=\count295
\c@table=\count296
\abovecaptionskip=\skip55
\belowcaptionskip=\skip56
)
(/usr/local/texlive/2020/texmf-dist/tex/latex/beamer/beamerbasenavigation.sty
\beamer@section@min@dim=\dimen265
)
(/usr/local/texlive/2020/texmf-dist/tex/latex/beamer/beamerbasetheorems.sty
(/usr/local/texlive/2020/texmf-dist/tex/latex/amsmath/amsmath.sty
Package: amsmath 2020/01/20 v2.17e AMS math features
\@mathmargin=\skip57

For additional information on amsmath, use the `?' option.
(/usr/local/texlive/2020/texmf-dist/tex/latex/amsmath/amstext.sty
Package: amstext 2000/06/29 v2.01 AMS text

(/usr/local/texlive/2020/texmf-dist/tex/latex/amsmath/amsgen.sty
File: amsgen.sty 1999/11/30 v2.0 generic functions
\@emptytoks=\toks33
\ex@=\dimen266
))
(/usr/local/texlive/2020/texmf-dist/tex/latex/amsmath/amsbsy.sty
Package: amsbsy 1999/11/29 v1.2d Bold Symbols
\pmbraise@=\dimen267
)
(/usr/local/texlive/2020/texmf-dist/tex/latex/amsmath/amsopn.sty
Package: amsopn 2016/03/08 v2.02 operator names
)
\inf@bad=\count297
LaTeX Info: Redefining \frac on input line 227.
\uproot@=\count298
\leftroot@=\count299
LaTeX Info: Redefining \overline on input line 389.
\classnum@=\count300
\DOTSCASE@=\count301
LaTeX Info: Redefining \ldots on input line 486.
LaTeX Info: Redefining \dots on input line 489.
LaTeX Info: Redefining \cdots on input line 610.
\Mathstrutbox@=\box71
\strutbox@=\box72
\big@size=\dimen268
LaTeX Font Info:    Redeclaring font encoding OML on input line 733.
LaTeX Font Info:    Redeclaring font encoding OMS on input line 734.
\macc@depth=\count302
\c@MaxMatrixCols=\count303
\dotsspace@=\muskip17
\c@parentequation=\count304
\dspbrk@lvl=\count305
\tag@help=\toks34
\row@=\count306
\column@=\count307
\maxfields@=\count308
\andhelp@=\toks35
\eqnshift@=\dimen269
\alignsep@=\dimen270
\tagshift@=\dimen271
\tagwidth@=\dimen272
\totwidth@=\dimen273
\lineht@=\dimen274
\@envbody=\toks36
\multlinegap=\skip58
\multlinetaggap=\skip59
\mathdisplay@stack=\toks37
LaTeX Info: Redefining \[ on input line 2859.
LaTeX Info: Redefining \] on input line 2860.
)
(/usr/local/texlive/2020/texmf-dist/tex/latex/amscls/amsthm.sty
Package: amsthm 2017/10/31 v2.20.4
\thm@style=\toks38
\thm@bodyfont=\toks39
\thm@headfont=\toks40
\thm@notefont=\toks41
\thm@headpunct=\toks42
\thm@preskip=\skip60
\thm@postskip=\skip61
\thm@headsep=\skip62
\dth@everypar=\toks43
)
\c@theorem=\count309
)
(/usr/local/texlive/2020/texmf-dist/tex/latex/beamer/beamerbasethemes.sty))
(/usr/local/texlive/2020/texmf-dist/tex/latex/beamer/beamerthemedefault.sty
(/usr/local/texlive/2020/texmf-dist/tex/latex/beamer/beamerfontthemedefault.sty
)
(/usr/local/texlive/2020/texmf-dist/tex/latex/beamer/beamercolorthemedefault.st
y)
(/usr/local/texlive/2020/texmf-dist/tex/latex/beamer/beamerinnerthemedefault.st
y
\beamer@dima=\dimen275
\beamer@dimb=\dimen276
)
(/usr/local/texlive/2020/texmf-dist/tex/latex/beamer/beamerouterthemedefault.st
y))) (/usr/local/texlive/2020/texmf-dist/tex/latex/adjustbox/adjustbox.sty
Package: adjustbox 2019/01/04 v1.2 Adjusting TeX boxes (trim, clip, ...)

(/usr/local/texlive/2020/texmf-dist/tex/latex/xkeyval/xkeyval.sty
Package: xkeyval 2014/12/03 v2.7a package option processing (HA)

(/usr/local/texlive/2020/texmf-dist/tex/generic/xkeyval/xkeyval.tex
(/usr/local/texlive/2020/texmf-dist/tex/generic/xkeyval/xkvutils.tex
\XKV@toks=\toks44
\XKV@tempa@toks=\toks45
)
\XKV@depth=\count310
File: xkeyval.tex 2014/12/03 v2.7a key=value parser (HA)
))
(/usr/local/texlive/2020/texmf-dist/tex/latex/adjustbox/adjcalc.sty
Package: adjcalc 2012/05/16 v1.1 Provides advanced setlength with multiple back
-ends (calc, etex, pgfmath)
)
(/usr/local/texlive/2020/texmf-dist/tex/latex/adjustbox/trimclip.sty
Package: trimclip 2018/04/08 v1.1 Trim and clip general TeX material

(/usr/local/texlive/2020/texmf-dist/tex/latex/collectbox/collectbox.sty
Package: collectbox 2012/05/17 v0.4b Collect macro arguments as boxes
\collectedbox=\box73
)
\tc@llx=\dimen277
\tc@lly=\dimen278
\tc@urx=\dimen279
\tc@ury=\dimen280
Package trimclip Info: Using driver 'tc-pdftex.def'.

(/usr/local/texlive/2020/texmf-dist/tex/latex/adjustbox/tc-pdftex.def
File: tc-pdftex.def 2019/01/04 v2.2 Clipping driver for pdftex
))
\adjbox@Width=\dimen281
\adjbox@Height=\dimen282
\adjbox@Depth=\dimen283
\adjbox@Totalheight=\dimen284
\adjbox@pwidth=\dimen285
\adjbox@pheight=\dimen286
\adjbox@pdepth=\dimen287
\adjbox@ptotalheight=\dimen288

(/usr/local/texlive/2020/texmf-dist/tex/latex/ifoddpage/ifoddpage.sty
Package: ifoddpage 2016/04/23 v1.1 Conditionals for odd/even page detection
\c@checkoddpage=\count311
)
(/usr/local/texlive/2020/texmf-dist/tex/latex/varwidth/varwidth.sty
Package: varwidth 2009/03/30 ver 0.92;  Variable-width minipages
\@vwid@box=\box74
\sift@deathcycles=\count312
\@vwid@loff=\dimen289
\@vwid@roff=\dimen290
))
(/usr/local/texlive/2020/texmf-dist/tex/latex/threeparttable/threeparttable.sty
Package: threeparttable 2003/06/13  v 3.0
\@tempboxb=\box75
) (/usr/local/texlive/2020/texmf-dist/tex/latex/caption/caption.sty
Package: caption 2020/01/03 v3.4h Customizing captions (AR)

(/usr/local/texlive/2020/texmf-dist/tex/latex/caption/caption3.sty
Package: caption3 2020/01/03 v1.8h caption3 kernel (AR)
Package caption3 Info: TeX engine: e-TeX on input line 61.
\captionmargin=\dimen291
\captionmargin@=\dimen292
\captionwidth=\dimen293
\caption@tempdima=\dimen294
\caption@indent=\dimen295
\caption@parindent=\dimen296
\caption@hangindent=\dimen297
Package caption Info: beamer document class detected.
)
\c@caption@flags=\count313
\c@continuedfloat=\count314
Package caption Info: beamer document class.
Package caption Info: hyperref package is loaded.
Package caption Info: Hyperref support is turned off
(caption)             because hyperref has stopped early.
Package caption Info: threeparttable package is loaded.
)
(/usr/local/texlive/2020/texmf-dist/tex/latex/natbib/natbib.sty
Package: natbib 2010/09/13 8.31b (PWD, AO)
\bibhang=\skip63
\bibsep=\skip64
LaTeX Info: Redefining \cite on input line 694.
\c@NAT@ctr=\count315
)
(/usr/local/texlive/2020/texmf-dist/tex/latex/caption/subcaption.sty
Package: subcaption 2020/01/22 v1.3d Sub-captions (AR)
\c@subfigure=\count316
\c@subtable=\count317
)
Package hyperref Info: Option `colorlinks' set `true' on input line 18.

(/usr/local/texlive/2020/texmf-dist/tex/latex/beamer/beamerthemeCambridgeUS.sty

(/usr/local/texlive/2020/texmf-dist/tex/latex/beamer/beamerinnerthemerounded.st
y)
(/usr/local/texlive/2020/texmf-dist/tex/latex/beamer/beamerouterthemeinfolines.
sty)
(/usr/local/texlive/2020/texmf-dist/tex/latex/beamer/beamercolorthemebeaver.sty
))
(/usr/local/texlive/2020/texmf-dist/tex/latex/beamer/beamercolorthemedolphin.st
y)
(/usr/local/texlive/2020/texmf-dist/tex/latex/beamer/beamerfontthemeserif.sty)

Package hyperref Warning: Token not allowed in a PDF string (PDFDocEncoding):
(hyperref)                removing `\\' on input line 74.

(/usr/local/texlive/2020/texmf-dist/tex/latex/l3backend/l3backend-pdfmode.def
File: l3backend-pdfmode.def 2020-03-12 L3 backend support: PDF mode
\l__kernel_color_stack_int=\count318
\l__pdf_internal_box=\box76
)
(./PerceivedIncomeRisk.aux)
\openout1 = `PerceivedIncomeRisk.aux'.

LaTeX Font Info:    Checking defaults for OML/cmm/m/it on input line 111.
LaTeX Font Info:    ... okay on input line 111.
LaTeX Font Info:    Checking defaults for OMS/cmsy/m/n on input line 111.
LaTeX Font Info:    ... okay on input line 111.
LaTeX Font Info:    Checking defaults for OT1/cmr/m/n on input line 111.
LaTeX Font Info:    ... okay on input line 111.
LaTeX Font Info:    Checking defaults for T1/cmr/m/n on input line 111.
LaTeX Font Info:    ... okay on input line 111.
LaTeX Font Info:    Checking defaults for TS1/cmr/m/n on input line 111.
LaTeX Font Info:    ... okay on input line 111.
LaTeX Font Info:    Checking defaults for OMX/cmex/m/n on input line 111.
LaTeX Font Info:    ... okay on input line 111.
LaTeX Font Info:    Checking defaults for U/cmr/m/n on input line 111.
LaTeX Font Info:    ... okay on input line 111.
LaTeX Font Info:    Checking defaults for PD1/pdf/m/n on input line 111.
LaTeX Font Info:    ... okay on input line 111.

*geometry* driver: auto-detecting
*geometry* detected driver: pdftex
*geometry* verbose mode - [ preamble ] result:
* driver: pdftex
* paper: custom
* layout: <same size as paper>
* layoutoffset:(h,v)=(0.0pt,0.0pt)
* modes: includehead includefoot 
* h-part:(L,W,R)=(10.95003pt, 342.2953pt, 10.95003pt)
* v-part:(T,H,B)=(0.0pt, 273.14662pt, 0.0pt)
* \paperwidth=364.19536pt
* \paperheight=273.14662pt
* \textwidth=342.2953pt
* \textheight=244.6939pt
* \oddsidemargin=-61.31996pt
* \evensidemargin=-61.31996pt
* \topmargin=-72.26999pt
* \headheight=14.22636pt
* \headsep=0.0pt
* \topskip=11.0pt
* \footskip=14.22636pt
* \marginparwidth=4.0pt
* \marginparsep=10.0pt
* \columnsep=10.0pt
* \skip\footins=10.0pt plus 4.0pt minus 2.0pt
* \hoffset=0.0pt
* \voffset=0.0pt
* \mag=1000
* \@twocolumnfalse
* \@twosidefalse
* \@mparswitchfalse
* \@reversemarginfalse
* (1in=72.27pt=25.4mm, 1cm=28.453pt)

(/usr/local/texlive/2020/texmf-dist/tex/context/base/mkii/supp-pdf.mkii
[Loading MPS to PDF converter (version 2006.09.02).]
\scratchcounter=\count319
\scratchdimen=\dimen298
\scratchbox=\box77
\nofMPsegments=\count320
\nofMParguments=\count321
\everyMPshowfont=\toks46
\MPscratchCnt=\count322
\MPscratchDim=\dimen299
\MPnumerator=\count323
\makeMPintoPDFobject=\count324
\everyMPtoPDFconversion=\toks47
) (/usr/local/texlive/2020/texmf-dist/tex/latex/epstopdf-pkg/epstopdf-base.sty
Package: epstopdf-base 2020-01-24 v2.11 Base part for package epstopdf
Package epstopdf-base Info: Redefining graphics rule for `.eps' on input line 4
85.

(/usr/local/texlive/2020/texmf-dist/tex/latex/latexconfig/epstopdf-sys.cfg
File: epstopdf-sys.cfg 2010/07/13 v1.3 Configuration of (r)epstopdf for TeX Liv
e
))
ABD: EveryShipout initializing macros
\AtBeginShipoutBox=\box78
Package hyperref Info: Link coloring ON on input line 111.

(/usr/local/texlive/2020/texmf-dist/tex/latex/hyperref/nameref.sty
Package: nameref 2019/09/16 v2.46 Cross-referencing by name of section

(/usr/local/texlive/2020/texmf-dist/tex/latex/refcount/refcount.sty
Package: refcount 2019/12/15 v3.6 Data extraction from label references (HO)
)
(/usr/local/texlive/2020/texmf-dist/tex/generic/gettitlestring/gettitlestring.s
ty
Package: gettitlestring 2019/12/15 v1.6 Cleanup title references (HO)
)
\c@section@level=\count325
)
LaTeX Info: Redefining \ref on input line 111.
LaTeX Info: Redefining \pageref on input line 111.
LaTeX Info: Redefining \nameref on input line 111.
 (./PerceivedIncomeRisk.out) (./PerceivedIncomeRisk.out)
\@outlinefile=\write5
\openout5 = `PerceivedIncomeRisk.out'.


(/usr/local/texlive/2020/texmf-dist/tex/latex/translator/translator-basic-dicti
onary-English.dict
Dictionary: translator-basic-dictionary, Language: English 
)
(/usr/local/texlive/2020/texmf-dist/tex/latex/translator/translator-bibliograph
y-dictionary-English.dict
Dictionary: translator-bibliography-dictionary, Language: English 
)
(/usr/local/texlive/2020/texmf-dist/tex/latex/translator/translator-environment
-dictionary-English.dict
Dictionary: translator-environment-dictionary, Language: English 
)
(/usr/local/texlive/2020/texmf-dist/tex/latex/translator/translator-months-dict
ionary-English.dict
Dictionary: translator-months-dictionary, Language: English 
)
(/usr/local/texlive/2020/texmf-dist/tex/latex/translator/translator-numbers-dic
tionary-English.dict
Dictionary: translator-numbers-dictionary, Language: English 
)
(/usr/local/texlive/2020/texmf-dist/tex/latex/translator/translator-theorem-dic
tionary-English.dict
Dictionary: translator-theorem-dictionary, Language: English 
)
Package caption Info: Begin \AtBeginDocument code.
Package caption Info: End \AtBeginDocument code.
 (./PerceivedIncomeRisk.nav)
Overfull \hbox (31.02411pt too wide) in paragraph at lines 111--111
 [][]|  []\OT1/cmr/m/n/6 0/37|  
 []


Overfull \hbox (31.02411pt too wide) has occurred while \output is active
 [][]|  []\OT1/cmr/m/n/6 1/37|  
 []

[1

{/usr/local/texlive/2020/texmf-var/fonts/map/pdftex/updmap/pdftex.map}]
(./PerceivedIncomeRisk.toc)
Overfull \hbox (31.02411pt too wide) has occurred while \output is active
 [][]|  []\OT1/cmr/m/n/6 2/37|  
 []

[2

]
LaTeX Font Info:    Trying to load font information for U+msa on input line 149
.
 (/usr/local/texlive/2020/texmf-dist/tex/latex/amsfonts/umsa.fd
File: umsa.fd 2013/01/14 v3.01 AMS symbols A
)
LaTeX Font Info:    Trying to load font information for U+msb on input line 149
.

(/usr/local/texlive/2020/texmf-dist/tex/latex/amsfonts/umsb.fd
File: umsb.fd 2013/01/14 v3.01 AMS symbols B
)
Overfull \hbox (31.02411pt too wide) has occurred while \output is active
 [][]|  []\OT1/cmr/m/n/6 3/37|  
 []

[3

]
Overfull \hbox (31.02411pt too wide) has occurred while \output is active
 [][]|  []\OT1/cmr/m/n/6 4/37|  
 []

[4

]
Overfull \hbox (31.02411pt too wide) has occurred while \output is active
 [][]|  []\OT1/cmr/m/n/6 5/37|  
 []

[5

]
Overfull \hbox (31.02411pt too wide) has occurred while \output is active
 [][]|  []\OT1/cmr/m/n/6 6/37|  
 []

[6

]
Overfull \hbox (31.02411pt too wide) has occurred while \output is active
 [][]|  []\OT1/cmr/m/n/6 7/37|  
 []

[7

]
Overfull \hbox (31.02411pt too wide) has occurred while \output is active
 [][]|  []\OT1/cmr/m/n/6 8/37|  
 []

[8

]
Overfull \hbox (31.02411pt too wide) has occurred while \output is active
 [][]|  []\OT1/cmr/m/n/6 9/37|  
 []

[9

]
Overfull \hbox (34.69072pt too wide) has occurred while \output is active
 [][]|  []\OT1/cmr/m/n/6 10/37|  
 []

[10

]
Overfull \hbox (34.69072pt too wide) has occurred while \output is active
 [][]|  []\OT1/cmr/m/n/6 11/37|  
 []

[11

]
<figures/hist_rincstd.jpg, id=452, 578.16pt x 433.62pt>
File: figures/hist_rincstd.jpg Graphic file (type jpg)
<use figures/hist_rincstd.jpg>
Package pdftex.def Info: figures/hist_rincstd.jpg  used on input line 399.
(pdftex.def)             Requested size: 205.37926pt x 154.0321pt.

Overfull \hbox (34.69072pt too wide) has occurred while \output is active
 [][]|  []\OT1/cmr/m/n/6 12/37|  
 []

[12

 <./figures/hist_rincstd.jpg>]
<figures/real_log_wage_shk_gr_by_age_edu_gender_compare.png, id=487, 585.18625p
t x 425.59pt>
File: figures/real_log_wage_shk_gr_by_age_edu_gender_compare.png Graphic file (
type png)
<use figures/real_log_wage_shk_gr_by_age_edu_gender_compare.png>
Package pdftex.def Info: figures/real_log_wage_shk_gr_by_age_edu_gender_compare
.png  used on input line 429.
(pdftex.def)             Requested size: 205.37926pt x 149.36784pt.

Overfull \hbox (34.69072pt too wide) has occurred while \output is active
 [][]|  []\OT1/cmr/m/n/6 13/37|  
 []

[13

 <./figures/real_log_wage_shk_gr_by_age_edu_gender_compare.png>]
<figures/real_log_wage_shk_gr_by_byear_age_compare.png, id=534, 585.18625pt x 4
25.59pt>
File: figures/real_log_wage_shk_gr_by_byear_age_compare.png Graphic file (type 
png)
<use figures/real_log_wage_shk_gr_by_byear_age_compare.png>
Package pdftex.def Info: figures/real_log_wage_shk_gr_by_byear_age_compare.png 
 used on input line 450.
(pdftex.def)             Requested size: 222.48985pt x 161.81029pt.

Overfull \hbox (34.69072pt too wide) has occurred while \output is active
 [][]|  []\OT1/cmr/m/n/6 14/37|  
 []

[14

 <./figures/real_log_wage_shk_gr_by_byear_age_compare.png>]
Overfull \hbox (34.69072pt too wide) has occurred while \output is active
 [][]|  []\OT1/cmr/m/n/6 15/37|  
 []

[15

]
<figures/log_wage_pshk_by_age_5yr_edu_gender_compare.png, id=602, 585.18625pt x
 425.59pt>
File: figures/log_wage_pshk_by_age_5yr_edu_gender_compare.png Graphic file (typ
e png)
<use figures/log_wage_pshk_by_age_5yr_edu_gender_compare.png>
Package pdftex.def Info: figures/log_wage_pshk_by_age_5yr_edu_gender_compare.pn
g  used on input line 496.
(pdftex.def)             Requested size: 150.61076pt x 109.53381pt.
<figures/log_wage_tshk_by_age_5yr_edu_gender_compare.png, id=603, 585.18625pt x
 425.59pt>
File: figures/log_wage_tshk_by_age_5yr_edu_gender_compare.png Graphic file (typ
e png)
<use figures/log_wage_tshk_by_age_5yr_edu_gender_compare.png>
Package pdftex.def Info: figures/log_wage_tshk_by_age_5yr_edu_gender_compare.pn
g  used on input line 496.
(pdftex.def)             Requested size: 150.61076pt x 109.53381pt.

Overfull \hbox (34.69072pt too wide) has occurred while \output is active
 [][]|  []\OT1/cmr/m/n/6 16/37|  
 []

[16

 <./figures/log_wage_pshk_by_age_5yr_edu_gender_compare.png> <./figures/log_wag
e_tshk_by_age_5yr_edu_gender_compare.png>]
<figures/experience_var_var_data.png, id=637, 585.18625pt x 425.59pt>
File: figures/experience_var_var_data.png Graphic file (type png)
<use figures/experience_var_var_data.png>
Package pdftex.def Info: figures/experience_var_var_data.png  used on input lin
e 516.
(pdftex.def)             Requested size: 205.37926pt x 149.36784pt.

Overfull \hbox (34.69072pt too wide) has occurred while \output is active
 [][]|  []\OT1/cmr/m/n/6 17/37|  
 []

[17

 <./figures/experience_var_var_data.png>]
<figures/experience_ue_var_data.png, id=669, 585.18625pt x 425.59pt>
File: figures/experience_ue_var_data.png Graphic file (type png)
<use figures/experience_ue_var_data.png>
Package pdftex.def Info: figures/experience_ue_var_data.png  used on input line
 528.
(pdftex.def)             Requested size: 205.37926pt x 149.36784pt.

Overfull \hbox (34.69072pt too wide) has occurred while \output is active
 [][]|  []\OT1/cmr/m/n/6 18/37|  
 []

[18

 <./figures/experience_ue_var_data.png>]
<figures/tsMean3mvrvar_he.jpg, id=699, 5781.6pt x 2890.8pt>
File: figures/tsMean3mvrvar_he.jpg Graphic file (type jpg)
<use figures/tsMean3mvrvar_he.jpg>
Package pdftex.def Info: figures/tsMean3mvrvar_he.jpg  used on input line 545.
(pdftex.def)             Requested size: 342.2953pt x 171.14679pt.

Overfull \vbox (18.45522pt too high) detected at line 545
 []


Overfull \hbox (34.69072pt too wide) has occurred while \output is active
 [][]|  []\OT1/cmr/m/n/6 19/37|  
 []

[19

 <./figures/tsMean3mvrvar_he.jpg>]
Overfull \hbox (13.6674pt too wide) in alignment at lines 590--590
 [][][] []
 []


Overfull \hbox (34.69072pt too wide) has occurred while \output is active
 [][]|  []\OT1/cmr/m/n/6 20/37|  
 []

[20

]
Overfull \hbox (34.69072pt too wide) has occurred while \output is active
 [][]|  []\OT1/cmr/m/n/6 21/37|  
 []

[21

]
Overfull \vbox (0.65894pt too high) detected at line 663
 []


Overfull \hbox (34.69072pt too wide) has occurred while \output is active
 [][]|  []\OT1/cmr/m/n/6 22/37|  
 []

[22

]
Overfull \hbox (34.69072pt too wide) has occurred while \output is active
 [][]|  []\OT1/cmr/m/n/6 23/37|  
 []

[23

]
Overfull \hbox (34.69072pt too wide) has occurred while \output is active
 [][]|  []\OT1/cmr/m/n/6 24/37|  
 []

[24

]
Overfull \hbox (34.69072pt too wide) has occurred while \output is active
 [][]|  []\OT1/cmr/m/n/6 25/37|  
 []

[25

]
<figures/hist_incstd.jpg, id=915, 578.16pt x 433.62pt>
File: figures/hist_incstd.jpg Graphic file (type jpg)
<use figures/hist_incstd.jpg>
Package pdftex.def Info: figures/hist_incstd.jpg  used on input line 820.
(pdftex.def)             Requested size: 222.48985pt x 166.86151pt.

Overfull \hbox (34.69072pt too wide) has occurred while \output is active
 [][]|  []\OT1/cmr/m/n/6 26/37|  
 []

[26

 <./figures/hist_incstd.jpg>]
<figures/hist_incskew.jpg, id=945, 578.16pt x 433.62pt>
File: figures/hist_incskew.jpg Graphic file (type jpg)
<use figures/hist_incskew.jpg>
Package pdftex.def Info: figures/hist_incskew.jpg  used on input line 844.
(pdftex.def)             Requested size: 222.48985pt x 166.86151pt.

Overfull \hbox (34.69072pt too wide) has occurred while \output is active
 [][]|  []\OT1/cmr/m/n/6 27/37|  
 []

[27

 <./figures/hist_incskew.jpg>]
<figures/real_log_wage_shk_by_age_edu_gender_compare.png, id=974, 585.18625pt x
 425.59pt>
File: figures/real_log_wage_shk_by_age_edu_gender_compare.png Graphic file (typ
e png)
<use figures/real_log_wage_shk_by_age_edu_gender_compare.png>
Package pdftex.def Info: figures/real_log_wage_shk_by_age_edu_gender_compare.pn
g  used on input line 858.
(pdftex.def)             Requested size: 239.60567pt x 174.25923pt.

Overfull \hbox (34.69072pt too wide) has occurred while \output is active
 [][]|  []\OT1/cmr/m/n/6 28/37|  
 []

[28

 <./figures/real_log_wage_shk_by_age_edu_gender_compare.png>]
<figures/real_log_wage_shk_gr_by_age_compare.png, id=1004, 585.18625pt x 425.59
pt>
File: figures/real_log_wage_shk_gr_by_age_compare.png Graphic file (type png)
<use figures/real_log_wage_shk_gr_by_age_compare.png>
Package pdftex.def Info: figures/real_log_wage_shk_gr_by_age_compare.png  used 
on input line 872.
(pdftex.def)             Requested size: 239.60567pt x 174.25923pt.

Overfull \hbox (34.69072pt too wide) has occurred while \output is active
 [][]|  []\OT1/cmr/m/n/6 29/37|  
 []

[29

 <./figures/real_log_wage_shk_gr_by_age_compare.png>]
<figures/real_log_wage_shk_gr_by_age_edu_compare.png, id=1034, 585.18625pt x 42
5.59pt>
File: figures/real_log_wage_shk_gr_by_age_edu_compare.png Graphic file (type pn
g)
<use figures/real_log_wage_shk_gr_by_age_edu_compare.png>
Package pdftex.def Info: figures/real_log_wage_shk_gr_by_age_edu_compare.png  u
sed on input line 887.
(pdftex.def)             Requested size: 239.60567pt x 174.25923pt.

Overfull \hbox (34.69072pt too wide) has occurred while \output is active
 [][]|  []\OT1/cmr/m/n/6 30/37|  
 []

[30

 <./figures/real_log_wage_shk_gr_by_age_edu_compare.png>]
<figures/real_log_wage_shk_gr_by_byear_5yr_edu_gender_compare.png, id=1065, 585
.18625pt x 425.59pt>
File: figures/real_log_wage_shk_gr_by_byear_5yr_edu_gender_compare.png Graphic 
file (type png)
<use figures/real_log_wage_shk_gr_by_byear_5yr_edu_gender_compare.png>
Package pdftex.def Info: figures/real_log_wage_shk_gr_by_byear_5yr_edu_gender_c
ompare.png  used on input line 904.
(pdftex.def)             Requested size: 205.37926pt x 149.36784pt.

Overfull \hbox (34.69072pt too wide) has occurred while \output is active
 [][]|  []\OT1/cmr/m/n/6 31/37|  
 []

[31

 <./figures/real_log_wage_shk_gr_by_byear_5yr_edu_gender_compare.png>]
<figures/real_log_wage_shk_by_byear_5yr_edu_gender_compare.png, id=1106, 585.18
625pt x 425.59pt>
File: figures/real_log_wage_shk_by_byear_5yr_edu_gender_compare.png Graphic fil
e (type png)
<use figures/real_log_wage_shk_by_byear_5yr_edu_gender_compare.png>
Package pdftex.def Info: figures/real_log_wage_shk_by_byear_5yr_edu_gender_comp
are.png  used on input line 918.
(pdftex.def)             Requested size: 239.60567pt x 174.25923pt.

Overfull \hbox (34.69072pt too wide) has occurred while \output is active
 [][]|  []\OT1/cmr/m/n/6 32/37|  
 []

[32

 <./figures/real_log_wage_shk_by_byear_5yr_edu_gender_compare.png>]
<figures/real_log_wage_shk_by_byear_5yr_edu_compare.png, id=1136, 585.18625pt x
 425.59pt>
File: figures/real_log_wage_shk_by_byear_5yr_edu_compare.png Graphic file (type
 png)
<use figures/real_log_wage_shk_by_byear_5yr_edu_compare.png>
Package pdftex.def Info: figures/real_log_wage_shk_by_byear_5yr_edu_compare.png
  used on input line 933.
(pdftex.def)             Requested size: 239.60567pt x 174.25923pt.

Overfull \hbox (34.69072pt too wide) has occurred while \output is active
 [][]|  []\OT1/cmr/m/n/6 33/37|  
 []

[33

 <./figures/real_log_wage_shk_by_byear_5yr_edu_compare.png>]
<figures/real_log_wage_shk_gr_by_byear_5yr_edu_compare.png, id=1167, 585.18625p
t x 425.59pt>
File: figures/real_log_wage_shk_gr_by_byear_5yr_edu_compare.png Graphic file (t
ype png)
<use figures/real_log_wage_shk_gr_by_byear_5yr_edu_compare.png>
Package pdftex.def Info: figures/real_log_wage_shk_gr_by_byear_5yr_edu_compare.
png  used on input line 948.
(pdftex.def)             Requested size: 239.60567pt x 174.25923pt.

Overfull \hbox (34.69072pt too wide) has occurred while \output is active
 [][]|  []\OT1/cmr/m/n/6 34/37|  
 []

[34

 <./figures/real_log_wage_shk_gr_by_byear_5yr_edu_compare.png>]
<figures/tsMean3mvrexp_he.jpg, id=1197, 5781.6pt x 2890.8pt>
File: figures/tsMean3mvrexp_he.jpg Graphic file (type jpg)
<use figures/tsMean3mvrexp_he.jpg>
Package pdftex.def Info: figures/tsMean3mvrexp_he.jpg  used on input line 964.
(pdftex.def)             Requested size: 308.06367pt x 154.03212pt.

Overfull \vbox (3.14047pt too high) detected at line 964
 []


Overfull \hbox (34.69072pt too wide) has occurred while \output is active
 [][]|  []\OT1/cmr/m/n/6 35/37|  
 []

[35

 <./figures/tsMean3mvrexp_he.jpg>]
<figures/real_log_wage_shk_by_byear_age_compare.png, id=1227, 585.18625pt x 425
.59pt>
File: figures/real_log_wage_shk_by_byear_age_compare.png Graphic file (type png
)
<use figures/real_log_wage_shk_by_byear_age_compare.png>
Package pdftex.def Info: figures/real_log_wage_shk_by_byear_age_compare.png  us
ed on input line 983.
(pdftex.def)             Requested size: 222.48985pt x 161.81029pt.

Overfull \hbox (34.69072pt too wide) has occurred while \output is active
 [][]|  []\OT1/cmr/m/n/6 36/37|  
 []

[36

 <./figures/real_log_wage_shk_by_byear_age_compare.png>]
<figures/log_wage_pshk_by_byear_5yr_edu_gender_compare.png, id=1257, 585.18625p
t x 425.59pt>
File: figures/log_wage_pshk_by_byear_5yr_edu_gender_compare.png Graphic file (t
ype png)
<use figures/log_wage_pshk_by_byear_5yr_edu_gender_compare.png>
Package pdftex.def Info: figures/log_wage_pshk_by_byear_5yr_edu_gender_compare.
png  used on input line 1003.
(pdftex.def)             Requested size: 150.61076pt x 109.53381pt.
<figures/log_wage_tshk_by_byear_5yr_edu_gender_compare.png, id=1258, 585.18625p
t x 425.59pt>
File: figures/log_wage_tshk_by_byear_5yr_edu_gender_compare.png Graphic file (t
ype png)
<use figures/log_wage_tshk_by_byear_5yr_edu_gender_compare.png>
Package pdftex.def Info: figures/log_wage_tshk_by_byear_5yr_edu_gender_compare.
png  used on input line 1003.
(pdftex.def)             Requested size: 150.61076pt x 109.53381pt.

Overfull \hbox (34.69072pt too wide) has occurred while \output is active
 [][]|  []\OT1/cmr/m/n/6 37/37|  
 []

[37

 <./figures/log_wage_pshk_by_byear_5yr_edu_gender_compare.png> <./figures/log_w
age_tshk_by_byear_5yr_edu_gender_compare.png>] (./PerceivedIncomeRisk.bbl

Package hyperref Warning: Token not allowed in a PDF string (PDFDocEncoding):
(hyperref)                removing `\translate ' on input line 1.


Overfull \hbox (34.69072pt too wide) has occurred while \output is active
 [][]|  []\OT1/cmr/m/n/6 37/37|  
 []

[38

]
Overfull \hbox (34.69072pt too wide) has occurred while \output is active
 [][]|  []\OT1/cmr/m/n/6 37/37|  
 []

[39]
Overfull \hbox (34.69072pt too wide) has occurred while \output is active
 [][]|  []\OT1/cmr/m/n/6 37/37|  
 []

[40]
Overfull \hbox (34.69072pt too wide) has occurred while \output is active
 [][]|  []\OT1/cmr/m/n/6 37/37|  
 []

[41])
Overfull \hbox (34.69072pt too wide) has occurred while \output is active
 [][]|  []\OT1/cmr/m/n/6 37/37|  
 []

[42]
\tf@nav=\write6
\openout6 = `PerceivedIncomeRisk.nav'.

\tf@toc=\write7
\openout7 = `PerceivedIncomeRisk.toc'.

\tf@snm=\write8
\openout8 = `PerceivedIncomeRisk.snm'.

Package atveryend Info: Empty hook `BeforeClearDocument' on input line 1010.
Package atveryend Info: Empty hook `AfterLastShipout' on input line 1010.
 (./PerceivedIncomeRisk.aux)
Package atveryend Info: Executing hook `AtVeryEndDocument' on input line 1010.
Package atveryend Info: Executing hook `AtEndAfterFileList' on input line 1010.

Package rerunfilecheck Info: File `PerceivedIncomeRisk.out' has not changed.
(rerunfilecheck)             Checksum: 3151EB8311E89E93343E7F6B6E923B70;694.
 ) 
Here is how much of TeX's memory you used:
 21169 strings out of 480608
 407382 string characters out of 5903631
 652245 words of memory out of 5000000
 36376 multiletter control sequences out of 15000+600000
 542075 words of font info for 62 fonts, out of 8000000 for 9000
 1141 hyphenation exceptions out of 8191
 58i,24n,106p,1016b,755s stack positions out of 5000i,500n,10000p,200000b,80000s
</usr/local/texlive/2020/texmf-dist/fonts/type1/public/amsfonts/cm/cmbx10.pfb
></usr/local/texlive/2020/texmf-dist/fonts/type1/public/amsfonts/cm/cmbx12.pfb>
</usr/local/texlive/2020/texmf-dist/fonts/type1/public/amsfonts/cm/cmex10.pfb><
/usr/local/texlive/2020/texmf-dist/fonts/type1/public/amsfonts/cm/cmmi10.pfb></
usr/local/texlive/2020/texmf-dist/fonts/type1/public/amsfonts/cm/cmmi7.pfb></us
r/local/texlive/2020/texmf-dist/fonts/type1/public/amsfonts/cm/cmmi8.pfb></usr/
local/texlive/2020/texmf-dist/fonts/type1/public/amsfonts/cm/cmr10.pfb></usr/lo
cal/texlive/2020/texmf-dist/fonts/type1/public/amsfonts/cm/cmr12.pfb></usr/loca
l/texlive/2020/texmf-dist/fonts/type1/public/amsfonts/cm/cmr6.pfb></usr/local/t
exlive/2020/texmf-dist/fonts/type1/public/amsfonts/cm/cmr7.pfb></usr/local/texl
ive/2020/texmf-dist/fonts/type1/public/amsfonts/cm/cmr8.pfb></usr/local/texlive
/2020/texmf-dist/fonts/type1/public/amsfonts/cm/cmr9.pfb></usr/local/texlive/20
20/texmf-dist/fonts/type1/public/amsfonts/cm/cmsy10.pfb></usr/local/texlive/202
0/texmf-dist/fonts/type1/public/amsfonts/cm/cmsy8.pfb></usr/local/texlive/2020/
texmf-dist/fonts/type1/public/amsfonts/cm/cmsy9.pfb></usr/local/texlive/2020/te
xmf-dist/fonts/type1/public/amsfonts/cm/cmti10.pfb>
Output written on PerceivedIncomeRisk.pdf (42 pages, 3229610 bytes).
PDF statistics:
 1514 PDF objects out of 1728 (max. 8388607)
 1393 compressed objects within 14 object streams
 156 named destinations out of 1000 (max. 500000)
 254 words of extra memory for PDF output out of 10000 (max. 10000000)

